--------------------------------------------------------------------------------
				Log generated at Sat Apr 27 17:14:21 2019
--------------------------------------------------------------------------------
Removed: /home/vinayak/DemoFolder/Demo (15th copy).xml
Removed: /home/vinayak/DemoFolder/dbts(12th copy) (12th copy).c
Removed: /home/vinayak/DemoFolder/Demo (14th copy).xml
Removed: /home/vinayak/DemoFolder/dbts(12th copy) (10th copy).c
Removed: /home/vinayak/DemoFolder/dbts(12th copy) (14th copy).c
Removed: /home/vinayak/DemoFolder/dbts(12th copy) (9th copy).c
Removed: /home/vinayak/DemoFolder/Demo (7th copy).xml
Removed: /home/vinayak/DemoFolder/Demo (10th copy).xml
Removed: /home/vinayak/DemoFolder/Demo (11th copy).xml
Removed: /home/vinayak/DemoFolder/Demo (13th copy).xml
Removed: /home/vinayak/DemoFolder/dbts(12th copy) (11th copy).c
Removed: /home/vinayak/DemoFolder/Demo (9th copy).xml
Removed: /home/vinayak/DemoFolder/Demo (8th copy).xml
Removed: /home/vinayak/DemoFolder/Demo (12th copy).xml
Removed: /home/vinayak/DemoFolder/dbts(12th copy) (13th copy).c
Removed: /home/vinayak/DemoFolder/Nested Demo Folder/DemoPython (8th copy).py
Removed: /home/vinayak/DemoFolder/Nested Demo Folder/dbts (17th copy).c
Removed: /home/vinayak/DemoFolder/Nested Demo Folder/DemoPython (7th copy).py
Removed: /home/vinayak/DemoFolder/Nested Demo Folder/dbts (16th copy).c
Removed: /home/vinayak/DemoFolder/Nested Demo Folder/DemoPython (9th copy).py
Removed: /home/vinayak/DemoFolder/Nested Demo Folder/dbts (14th copy).c
Removed: /home/vinayak/DemoFolder/Nested Demo Folder/DemoPython (10th copy).py
Removed: /home/vinayak/DemoFolder/Nested Demo Folder/DemoPython (6th copy).py
Removed: /home/vinayak/DemoFolder/Nested Demo Folder/DemoPython (4th copy).py
Removed: /home/vinayak/DemoFolder/Nested Demo Folder/dbts (13th copy).c
Removed: /home/vinayak/DemoFolder/Nested Demo Folder/DemoPython (5th copy).py
Removed: /home/vinayak/DemoFolder/Nested Demo Folder/dbts (15th copy).c
Removed: /home/vinayak/DemoFolder/Nested Demo Folder/DemoPython (3rd copy).py
